Database Import report for arch
Tue Mar 11 20:55:42 2025
Quartus II 64-Bit Version 13.0.1 Build 232 06/12/2013 Service Pack 1 SJ Web Edition


---------------------
; Table of Contents ;
---------------------
  1. Legal Notice
  2. Database Import Summary
  3. Database Import Messages



----------------
; Legal Notice ;
----------------
Copyright (C) 1991-2013 Altera Corporation
Your use of Altera Corporation's design tools, logic functions 
and other software and tools, and its AMPP partner logic 
functions, and any output files from any of the foregoing 
(including device programming or simulation files), and any 
associated documentation or information are expressly subject 
to the terms and conditions of the Altera Program License 
Subscription Agreement, Altera MegaCore Function License 
Agreement, or other applicable license agreement, including, 
without limitation, that your use is for the sole purpose of 
programming logic devices manufactured by Altera and sold by 
Altera or its authorized distributors.  Please refer to the 
applicable agreement for further details.



+------------------------------------------------------------+
; Database Import Summary                                    ;
+------------------------+-----------------------------------+
; Database Import Status ; Failed - Tue Mar 11 20:55:42 2025 ;
; Revision Name          ; arch                              ;
; Top-level Entity Name  ; sel4g                             ;
; Family                 ; Cyclone II                        ;
; Device                 ; EP2C8Q208C8                       ;
+------------------------+-----------------------------------+


+--------------------------+
; Database Import Messages ;
+--------------------------+
Info: *******************************************************************
Info: Running Quartus II 64-Bit Database Import
    Info: Version 13.0.1 Build 232 06/12/2013 Service Pack 1 SJ Web Edition
    Info: Processing started: Tue Mar 11 20:55:42 2025
Info: Command: quartus_cdb arch -c arch --import_database=D:\Code\Quartus\computer_arch\design\BSF
Error (39039): Can't read version-compatible database file D:/Code/Quartus/computer_arch/design/BSF/arch.db_info -- make sure the file exists and is up to date, and you have permission to read the file
Error: Quartus II 64-Bit Database Import was unsuccessful. 1 error, 0 warnings
    Error: Peak virtual memory: 4553 megabytes
    Error: Processing ended: Tue Mar 11 20:55:42 2025
    Error: Elapsed time: 00:00:00
    Error: Total CPU time (on all processors): 00:00:00


