Analysis & Synthesis report for arch
Tue Mar 25 20:13:52 2025
Quartus II 64-Bit Version 13.0.1 Build 232 06/12/2013 Service Pack 1 SJ Web Edition


---------------------
; Table of Contents ;
---------------------
  1. Legal Notice
  2. Analysis & Synthesis Summary
  3. Analysis & Synthesis Settings
  4. Analysis & Synthesis Default Parameter Settings
  5. Parallel Compilation
  6. Analysis & Synthesis Source Files Read
  7. Analysis & Synthesis Resource Usage Summary
  8. Analysis & Synthesis Resource Utilization by Entity
  9. Analysis & Synthesis RAM Summary
 10. General Register Statistics
 11. Registers Packed Into Inferred Megafunctions
 12. Source assignments for LPM_ROM:inst1|altrom:srom|altsyncram:rom_block|altsyncram_0t01:auto_generated
 13. Source assignments for ram_rw_dq:inst6|altsyncram:content_rtl_0|altsyncram_13g1:auto_generated
 14. Source assignments for ram_rw_dq:inst6|altsyncram:content_rtl_0|altsyncram_13g1:auto_generated|altsyncram_3mj1:altsyncram1
 15. Parameter Settings for User Entity Instance: regg:inst2
 16. Parameter Settings for User Entity Instance: regg:inst2|LPM_FF:inst
 17. Parameter Settings for User Entity Instance: LPM_ROM:inst1
 18. Parameter Settings for User Entity Instance: cnt8:inst|reg:inst1
 19. Parameter Settings for User Entity Instance: cnt8:inst|reg:inst1|LPM_FF:inst
 20. Parameter Settings for User Entity Instance: cnt8:inst|sel2g:inst
 21. Parameter Settings for User Entity Instance: ram_rw_dq:inst6
 22. Parameter Settings for User Entity Instance: sel2g:inst5
 23. Parameter Settings for User Entity Instance: cnt8:inst4|reg:inst1
 24. Parameter Settings for User Entity Instance: cnt8:inst4|reg:inst1|LPM_FF:inst
 25. Parameter Settings for User Entity Instance: cnt8:inst4|sel2g:inst
 26. Parameter Settings for User Entity Instance: regg:inst3
 27. Parameter Settings for User Entity Instance: regg:inst3|LPM_FF:inst
 28. Parameter Settings for Inferred Entity Instance: ram_rw_dq:inst6|altsyncram:content_rtl_0
 29. altsyncram Parameter Settings by Entity Instance
 30. Elapsed Time Per Partition
 31. Analysis & Synthesis Messages



----------------
; Legal Notice ;
----------------
Copyright (C) 1991-2013 Altera Corporation
Your use of Altera Corporation's design tools, logic functions 
and other software and tools, and its AMPP partner logic 
functions, and any output files from any of the foregoing 
(including device programming or simulation files), and any 
associated documentation or information are expressly subject 
to the terms and conditions of the Altera Program License 
Subscription Agreement, Altera MegaCore Function License 
Agreement, or other applicable license agreement, including, 
without limitation, that your use is for the sole purpose of 
programming logic devices manufactured by Altera and sold by 
Altera or its authorized distributors.  Please refer to the 
applicable agreement for further details.



+--------------------------------------------------------------------------------------+
; Analysis & Synthesis Summary                                                         ;
+------------------------------------+-------------------------------------------------+
; Analysis & Synthesis Status        ; Successful - Tue Mar 25 20:13:52 2025           ;
; Quartus II 64-Bit Version          ; 13.0.1 Build 232 06/12/2013 SP 1 SJ Web Edition ;
; Revision Name                      ; arch                                            ;
; Top-level Entity Name              ; ramsub                                          ;
; Family                             ; Cyclone II                                      ;
; Total logic elements               ; 45                                              ;
;     Total combinational functions  ; 29                                              ;
;     Dedicated logic registers      ; 32                                              ;
; Total registers                    ; 32                                              ;
; Total pins                         ; 42                                              ;
; Total virtual pins                 ; 0                                               ;
; Total memory bits                  ; 4,096                                           ;
; Embedded Multiplier 9-bit elements ; 0                                               ;
; Total PLLs                         ; 0                                               ;
+------------------------------------+-------------------------------------------------+


+----------------------------------------------------------------------------------------------------------------------+
; Analysis & Synthesis Settings                                                                                        ;
+----------------------------------------------------------------------------+--------------------+--------------------+
; Option                                                                     ; Setting            ; Default Value      ;
+----------------------------------------------------------------------------+--------------------+--------------------+
; Device                                                                     ; EP2C8Q208C8        ;                    ;
; Top-level entity name                                                      ; ramsub             ; arch               ;
; Family name                                                                ; Cyclone II         ; Cyclone IV GX      ;
; Use smart compilation                                                      ; Off                ; Off                ;
; Enable parallel Assembler and TimeQuest Timing Analyzer during compilation ; On                 ; On                 ;
; Enable compact report table                                                ; Off                ; Off                ;
; Restructure Multiplexers                                                   ; Auto               ; Auto               ;
; Create Debugging Nodes for IP Cores                                        ; Off                ; Off                ;
; Preserve fewer node names                                                  ; On                 ; On                 ;
; Disable OpenCore Plus hardware evaluation                                  ; Off                ; Off                ;
; Verilog Version                                                            ; Verilog_2001       ; Verilog_2001       ;
; VHDL Version                                                               ; VHDL_1993          ; VHDL_1993          ;
; State Machine Processing                                                   ; Auto               ; Auto               ;
; Safe State Machine                                                         ; Off                ; Off                ;
; Extract Verilog State Machines                                             ; On                 ; On                 ;
; Extract VHDL State Machines                                                ; On                 ; On                 ;
; Ignore Verilog initial constructs                                          ; Off                ; Off                ;
; Iteration limit for constant Verilog loops                                 ; 5000               ; 5000               ;
; Iteration limit for non-constant Verilog loops                             ; 250                ; 250                ;
; Add Pass-Through Logic to Inferred RAMs                                    ; On                 ; On                 ;
; Infer RAMs from Raw Logic                                                  ; On                 ; On                 ;
; Parallel Synthesis                                                         ; On                 ; On                 ;
; DSP Block Balancing                                                        ; Auto               ; Auto               ;
; NOT Gate Push-Back                                                         ; On                 ; On                 ;
; Power-Up Don't Care                                                        ; On                 ; On                 ;
; Remove Redundant Logic Cells                                               ; Off                ; Off                ;
; Remove Duplicate Registers                                                 ; On                 ; On                 ;
; Ignore CARRY Buffers                                                       ; Off                ; Off                ;
; Ignore CASCADE Buffers                                                     ; Off                ; Off                ;
; Ignore GLOBAL Buffers                                                      ; Off                ; Off                ;
; Ignore ROW GLOBAL Buffers                                                  ; Off                ; Off                ;
; Ignore LCELL Buffers                                                       ; Off                ; Off                ;
; Ignore SOFT Buffers                                                        ; On                 ; On                 ;
; Limit AHDL Integers to 32 Bits                                             ; Off                ; Off                ;
; Optimization Technique                                                     ; Balanced           ; Balanced           ;
; Carry Chain Length                                                         ; 70                 ; 70                 ;
; Auto Carry Chains                                                          ; On                 ; On                 ;
; Auto Open-Drain Pins                                                       ; On                 ; On                 ;
; Perform WYSIWYG Primitive Resynthesis                                      ; Off                ; Off                ;
; Auto ROM Replacement                                                       ; On                 ; On                 ;
; Auto RAM Replacement                                                       ; On                 ; On                 ;
; Auto Shift Register Replacement                                            ; Auto               ; Auto               ;
; Allow Shift Register Merging across Hierarchies                            ; Auto               ; Auto               ;
; Auto Clock Enable Replacement                                              ; On                 ; On                 ;
; Strict RAM Replacement                                                     ; Off                ; Off                ;
; Allow Synchronous Control Signals                                          ; On                 ; On                 ;
; Force Use of Synchronous Clear Signals                                     ; Off                ; Off                ;
; Auto RAM to Logic Cell Conversion                                          ; Off                ; Off                ;
; Auto Resource Sharing                                                      ; Off                ; Off                ;
; Allow Any RAM Size For Recognition                                         ; Off                ; Off                ;
; Allow Any ROM Size For Recognition                                         ; Off                ; Off                ;
; Allow Any Shift Register Size For Recognition                              ; Off                ; Off                ;
; Use LogicLock Constraints during Resource Balancing                        ; On                 ; On                 ;
; Ignore translate_off and synthesis_off directives                          ; Off                ; Off                ;
; Timing-Driven Synthesis                                                    ; Off                ; Off                ;
; Report Parameter Settings                                                  ; On                 ; On                 ;
; Report Source Assignments                                                  ; On                 ; On                 ;
; Report Connectivity Checks                                                 ; On                 ; On                 ;
; Ignore Maximum Fan-Out Assignments                                         ; Off                ; Off                ;
; Synchronization Register Chain Length                                      ; 2                  ; 2                  ;
; PowerPlay Power Optimization                                               ; Normal compilation ; Normal compilation ;
; HDL message level                                                          ; Level2             ; Level2             ;
; Suppress Register Optimization Related Messages                            ; Off                ; Off                ;
; Number of Removed Registers Reported in Synthesis Report                   ; 5000               ; 5000               ;
; Number of Swept Nodes Reported in Synthesis Report                         ; 5000               ; 5000               ;
; Number of Inverted Registers Reported in Synthesis Report                  ; 100                ; 100                ;
; Clock MUX Protection                                                       ; On                 ; On                 ;
; Auto Gated Clock Conversion                                                ; Off                ; Off                ;
; Block Design Naming                                                        ; Auto               ; Auto               ;
; SDC constraint protection                                                  ; Off                ; Off                ;
; Synthesis Effort                                                           ; Auto               ; Auto               ;
; Shift Register Replacement - Allow Asynchronous Clear Signal               ; On                 ; On                 ;
; Pre-Mapping Resynthesis Optimization                                       ; Off                ; Off                ;
; Analysis & Synthesis Message Level                                         ; Medium             ; Medium             ;
; Disable Register Merging Across Hierarchies                                ; Auto               ; Auto               ;
; Resource Aware Inference For Block RAM                                     ; On                 ; On                 ;
; Synthesis Seed                                                             ; 1                  ; 1                  ;
+----------------------------------------------------------------------------+--------------------+--------------------+


+-------------------------------------------------+
; Analysis & Synthesis Default Parameter Settings ;
+------+------------------------------------------+
; Name ; Setting                                  ;
+------+------------------------------------------+
; W    ; 8                                        ;
+------+------------------------------------------+


Parallel compilation was disabled, but you have multiple processors available. Enable parallel compilation to reduce compilation time.
+-------------------------------------+
; Parallel Compilation                ;
+----------------------------+--------+
; Processors                 ; Number ;
+----------------------------+--------+
; Number detected on machine ; 20     ;
; Maximum allowed            ; 1      ;
+----------------------------+--------+


+---------------------------------------------------------------------------------------------------------------------------------------------------------------------+
; Analysis & Synthesis Source Files Read                                                                                                                              ;
+----------------------------------+-----------------+------------------------------------+-----------------------------------------------------------------+---------+
; File Name with User-Entered Path ; Used in Netlist ; File Type                          ; File Name with Absolute Path                                    ; Library ;
+----------------------------------+-----------------+------------------------------------+-----------------------------------------------------------------+---------+
; hadd.bdf                         ; yes             ; User Block Diagram/Schematic File  ; E:/Project/FPGA/design/hadd.bdf                                 ;         ;
; sel2g.bdf                        ; yes             ; User Block Diagram/Schematic File  ; E:/Project/FPGA/design/sel2g.bdf                                ;         ;
; reg.bdf                          ; yes             ; User Block Diagram/Schematic File  ; E:/Project/FPGA/design/reg.bdf                                  ;         ;
; hadd8.bdf                        ; yes             ; User Block Diagram/Schematic File  ; E:/Project/FPGA/design/hadd8.bdf                                ;         ;
; cnt8.bdf                         ; yes             ; User Block Diagram/Schematic File  ; E:/Project/FPGA/design/cnt8.bdf                                 ;         ;
; regg.bdf                         ; yes             ; User Block Diagram/Schematic File  ; E:/Project/FPGA/design/regg.bdf                                 ;         ;
; ramsub.bdf                       ; yes             ; User Block Diagram/Schematic File  ; E:/Project/FPGA/design/ramsub.bdf                               ;         ;
; vhdl/ram_rw_dq.vhd               ; yes             ; User VHDL File                     ; E:/Project/FPGA/design/vhdl/ram_rw_dq.vhd                       ;         ;
; MIF/ramsub.mif                   ; yes             ; User Memory Initialization File    ; E:/Project/FPGA/design/MIF/ramsub.mif                           ;         ;
; MIF/ramsub_rom.mif               ; yes             ; User Memory Initialization File    ; E:/Project/FPGA/design/MIF/ramsub_rom.mif                       ;         ;
; lpm_ff.tdf                       ; yes             ; Megafunction                       ; d:/altera/quartus/libraries/megafunctions/lpm_ff.tdf            ;         ;
; lpm_constant.inc                 ; yes             ; Megafunction                       ; d:/altera/quartus/libraries/megafunctions/lpm_constant.inc      ;         ;
; aglobal130.inc                   ; yes             ; Megafunction                       ; d:/altera/quartus/libraries/megafunctions/aglobal130.inc        ;         ;
; lpm_rom.tdf                      ; yes             ; Megafunction                       ; d:/altera/quartus/libraries/megafunctions/lpm_rom.tdf           ;         ;
; altrom.inc                       ; yes             ; Megafunction                       ; d:/altera/quartus/libraries/megafunctions/altrom.inc            ;         ;
; altrom.tdf                       ; yes             ; Megafunction                       ; d:/altera/quartus/libraries/megafunctions/altrom.tdf            ;         ;
; memmodes.inc                     ; yes             ; Megafunction                       ; d:/altera/quartus/libraries/others/maxplus2/memmodes.inc        ;         ;
; lpm_decode.inc                   ; yes             ; Megafunction                       ; d:/altera/quartus/libraries/megafunctions/lpm_decode.inc        ;         ;
; lpm_mux.inc                      ; yes             ; Megafunction                       ; d:/altera/quartus/libraries/megafunctions/lpm_mux.inc           ;         ;
; altsyncram.inc                   ; yes             ; Megafunction                       ; d:/altera/quartus/libraries/megafunctions/altsyncram.inc        ;         ;
; altsyncram.tdf                   ; yes             ; Megafunction                       ; d:/altera/quartus/libraries/megafunctions/altsyncram.tdf        ;         ;
; stratix_ram_block.inc            ; yes             ; Megafunction                       ; d:/altera/quartus/libraries/megafunctions/stratix_ram_block.inc ;         ;
; a_rdenreg.inc                    ; yes             ; Megafunction                       ; d:/altera/quartus/libraries/megafunctions/a_rdenreg.inc         ;         ;
; altram.inc                       ; yes             ; Megafunction                       ; d:/altera/quartus/libraries/megafunctions/altram.inc            ;         ;
; altdpram.inc                     ; yes             ; Megafunction                       ; d:/altera/quartus/libraries/megafunctions/altdpram.inc          ;         ;
; db/altsyncram_0t01.tdf           ; yes             ; Auto-Generated Megafunction        ; E:/Project/FPGA/design/db/altsyncram_0t01.tdf                   ;         ;
; db/altsyncram_13g1.tdf           ; yes             ; Auto-Generated Megafunction        ; E:/Project/FPGA/design/db/altsyncram_13g1.tdf                   ;         ;
; db/altsyncram_3mj1.tdf           ; yes             ; Auto-Generated Megafunction        ; E:/Project/FPGA/design/db/altsyncram_3mj1.tdf                   ;         ;
+----------------------------------+-----------------+------------------------------------+-----------------------------------------------------------------+---------+


+-----------------------------------------------------+
; Analysis & Synthesis Resource Usage Summary         ;
+---------------------------------------------+-------+
; Resource                                    ; Usage ;
+---------------------------------------------+-------+
; Estimated Total logic elements              ; 45    ;
;                                             ;       ;
; Total combinational functions               ; 29    ;
; Logic element usage by number of LUT inputs ;       ;
;     -- 4 input functions                    ; 9     ;
;     -- 3 input functions                    ; 13    ;
;     -- <=2 input functions                  ; 7     ;
;                                             ;       ;
; Logic elements by mode                      ;       ;
;     -- normal mode                          ; 29    ;
;     -- arithmetic mode                      ; 0     ;
;                                             ;       ;
; Total registers                             ; 32    ;
;     -- Dedicated logic registers            ; 32    ;
;     -- I/O registers                        ; 0     ;
;                                             ;       ;
; I/O pins                                    ; 42    ;
; Total memory bits                           ; 4096  ;
; Embedded Multiplier 9-bit elements          ; 0     ;
; Maximum fan-out node                        ; CLK   ;
; Maximum fan-out                             ; 48    ;
; Total fan-out                               ; 408   ;
; Average fan-out                             ; 3.43  ;
+---------------------------------------------+-------+


+---------------------------------------------------------------------------------------------------------------------------------------------------------------------------------------------------------------------------------------------------------------------------------------+
; Analysis & Synthesis Resource Utilization by Entity                                                                                                                                                                                                                                   ;
+----------------------------------------------+-------------------+--------------+-------------+--------------+---------+-----------+------+--------------+-------------------------------------------------------------------------------------------------------------+--------------+
; Compilation Hierarchy Node                   ; LC Combinationals ; LC Registers ; Memory Bits ; DSP Elements ; DSP 9x9 ; DSP 18x18 ; Pins ; Virtual Pins ; Full Hierarchy Name                                                                                         ; Library Name ;
+----------------------------------------------+-------------------+--------------+-------------+--------------+---------+-----------+------+--------------+-------------------------------------------------------------------------------------------------------------+--------------+
; |ramsub                                      ; 29 (0)            ; 32 (0)       ; 4096        ; 0            ; 0       ; 0         ; 42   ; 0            ; |ramsub                                                                                                     ; work         ;
;    |cnt8:inst4|                              ; 11 (0)            ; 8 (0)        ; 0           ; 0            ; 0       ; 0         ; 0    ; 0            ; |ramsub|cnt8:inst4                                                                                          ; work         ;
;       |hadd8:inst2|                          ; 11 (0)            ; 0 (0)        ; 0           ; 0            ; 0       ; 0         ; 0    ; 0            ; |ramsub|cnt8:inst4|hadd8:inst2                                                                              ; work         ;
;          |hadd:inst1|                        ; 1 (1)             ; 0 (0)        ; 0           ; 0            ; 0       ; 0         ; 0    ; 0            ; |ramsub|cnt8:inst4|hadd8:inst2|hadd:inst1                                                                   ; work         ;
;          |hadd:inst2|                        ; 2 (2)             ; 0 (0)        ; 0           ; 0            ; 0       ; 0         ; 0    ; 0            ; |ramsub|cnt8:inst4|hadd8:inst2|hadd:inst2                                                                   ; work         ;
;          |hadd:inst3|                        ; 1 (1)             ; 0 (0)        ; 0           ; 0            ; 0       ; 0         ; 0    ; 0            ; |ramsub|cnt8:inst4|hadd8:inst2|hadd:inst3                                                                   ; work         ;
;          |hadd:inst4|                        ; 1 (1)             ; 0 (0)        ; 0           ; 0            ; 0       ; 0         ; 0    ; 0            ; |ramsub|cnt8:inst4|hadd8:inst2|hadd:inst4                                                                   ; work         ;
;          |hadd:inst5|                        ; 1 (1)             ; 0 (0)        ; 0           ; 0            ; 0       ; 0         ; 0    ; 0            ; |ramsub|cnt8:inst4|hadd8:inst2|hadd:inst5                                                                   ; work         ;
;          |hadd:inst6|                        ; 2 (2)             ; 0 (0)        ; 0           ; 0            ; 0       ; 0         ; 0    ; 0            ; |ramsub|cnt8:inst4|hadd8:inst2|hadd:inst6                                                                   ; work         ;
;          |hadd:inst7|                        ; 2 (2)             ; 0 (0)        ; 0           ; 0            ; 0       ; 0         ; 0    ; 0            ; |ramsub|cnt8:inst4|hadd8:inst2|hadd:inst7                                                                   ; work         ;
;          |hadd:inst|                         ; 1 (1)             ; 0 (0)        ; 0           ; 0            ; 0       ; 0         ; 0    ; 0            ; |ramsub|cnt8:inst4|hadd8:inst2|hadd:inst                                                                    ; work         ;
;       |reg:inst1|                            ; 0 (0)             ; 8 (0)        ; 0           ; 0            ; 0       ; 0         ; 0    ; 0            ; |ramsub|cnt8:inst4|reg:inst1                                                                                ; work         ;
;          |lpm_ff:inst|                       ; 0 (0)             ; 8 (8)        ; 0           ; 0            ; 0       ; 0         ; 0    ; 0            ; |ramsub|cnt8:inst4|reg:inst1|lpm_ff:inst                                                                    ; work         ;
;    |cnt8:inst|                               ; 10 (0)            ; 8 (0)        ; 0           ; 0            ; 0       ; 0         ; 0    ; 0            ; |ramsub|cnt8:inst                                                                                           ; work         ;
;       |hadd8:inst2|                          ; 9 (0)             ; 0 (0)        ; 0           ; 0            ; 0       ; 0         ; 0    ; 0            ; |ramsub|cnt8:inst|hadd8:inst2                                                                               ; work         ;
;          |hadd:inst1|                        ; 1 (1)             ; 0 (0)        ; 0           ; 0            ; 0       ; 0         ; 0    ; 0            ; |ramsub|cnt8:inst|hadd8:inst2|hadd:inst1                                                                    ; work         ;
;          |hadd:inst2|                        ; 1 (1)             ; 0 (0)        ; 0           ; 0            ; 0       ; 0         ; 0    ; 0            ; |ramsub|cnt8:inst|hadd8:inst2|hadd:inst2                                                                    ; work         ;
;          |hadd:inst3|                        ; 2 (2)             ; 0 (0)        ; 0           ; 0            ; 0       ; 0         ; 0    ; 0            ; |ramsub|cnt8:inst|hadd8:inst2|hadd:inst3                                                                    ; work         ;
;          |hadd:inst4|                        ; 1 (1)             ; 0 (0)        ; 0           ; 0            ; 0       ; 0         ; 0    ; 0            ; |ramsub|cnt8:inst|hadd8:inst2|hadd:inst4                                                                    ; work         ;
;          |hadd:inst5|                        ; 1 (1)             ; 0 (0)        ; 0           ; 0            ; 0       ; 0         ; 0    ; 0            ; |ramsub|cnt8:inst|hadd8:inst2|hadd:inst5                                                                    ; work         ;
;          |hadd:inst6|                        ; 1 (1)             ; 0 (0)        ; 0           ; 0            ; 0       ; 0         ; 0    ; 0            ; |ramsub|cnt8:inst|hadd8:inst2|hadd:inst6                                                                    ; work         ;
;          |hadd:inst7|                        ; 2 (2)             ; 0 (0)        ; 0           ; 0            ; 0       ; 0         ; 0    ; 0            ; |ramsub|cnt8:inst|hadd8:inst2|hadd:inst7                                                                    ; work         ;
;       |reg:inst1|                            ; 1 (0)             ; 8 (0)        ; 0           ; 0            ; 0       ; 0         ; 0    ; 0            ; |ramsub|cnt8:inst|reg:inst1                                                                                 ; work         ;
;          |lpm_ff:inst|                       ; 1 (1)             ; 8 (8)        ; 0           ; 0            ; 0       ; 0         ; 0    ; 0            ; |ramsub|cnt8:inst|reg:inst1|lpm_ff:inst                                                                     ; work         ;
;    |lpm_rom:inst1|                           ; 0 (0)             ; 0 (0)        ; 2048        ; 0            ; 0       ; 0         ; 0    ; 0            ; |ramsub|lpm_rom:inst1                                                                                       ; work         ;
;       |altrom:srom|                          ; 0 (0)             ; 0 (0)        ; 2048        ; 0            ; 0       ; 0         ; 0    ; 0            ; |ramsub|lpm_rom:inst1|altrom:srom                                                                           ; work         ;
;          |altsyncram:rom_block|              ; 0 (0)             ; 0 (0)        ; 2048        ; 0            ; 0       ; 0         ; 0    ; 0            ; |ramsub|lpm_rom:inst1|altrom:srom|altsyncram:rom_block                                                      ; work         ;
;             |altsyncram_0t01:auto_generated| ; 0 (0)             ; 0 (0)        ; 2048        ; 0            ; 0       ; 0         ; 0    ; 0            ; |ramsub|lpm_rom:inst1|altrom:srom|altsyncram:rom_block|altsyncram_0t01:auto_generated                       ; work         ;
;    |ram_rw_dq:inst6|                         ; 0 (0)             ; 0 (0)        ; 2048        ; 0            ; 0       ; 0         ; 0    ; 0            ; |ramsub|ram_rw_dq:inst6                                                                                     ; work         ;
;       |altsyncram:content_rtl_0|             ; 0 (0)             ; 0 (0)        ; 2048        ; 0            ; 0       ; 0         ; 0    ; 0            ; |ramsub|ram_rw_dq:inst6|altsyncram:content_rtl_0                                                            ; work         ;
;          |altsyncram_13g1:auto_generated|    ; 0 (0)             ; 0 (0)        ; 2048        ; 0            ; 0       ; 0         ; 0    ; 0            ; |ramsub|ram_rw_dq:inst6|altsyncram:content_rtl_0|altsyncram_13g1:auto_generated                             ; work         ;
;             |altsyncram_3mj1:altsyncram1|    ; 0 (0)             ; 0 (0)        ; 2048        ; 0            ; 0       ; 0         ; 0    ; 0            ; |ramsub|ram_rw_dq:inst6|altsyncram:content_rtl_0|altsyncram_13g1:auto_generated|altsyncram_3mj1:altsyncram1 ; work         ;
;    |regg:inst2|                              ; 0 (0)             ; 8 (0)        ; 0           ; 0            ; 0       ; 0         ; 0    ; 0            ; |ramsub|regg:inst2                                                                                          ; work         ;
;       |lpm_ff:inst|                          ; 0 (0)             ; 8 (8)        ; 0           ; 0            ; 0       ; 0         ; 0    ; 0            ; |ramsub|regg:inst2|lpm_ff:inst                                                                              ; work         ;
;    |regg:inst3|                              ; 0 (0)             ; 8 (0)        ; 0           ; 0            ; 0       ; 0         ; 0    ; 0            ; |ramsub|regg:inst3                                                                                          ; work         ;
;       |lpm_ff:inst|                          ; 0 (0)             ; 8 (8)        ; 0           ; 0            ; 0       ; 0         ; 0    ; 0            ; |ramsub|regg:inst3|lpm_ff:inst                                                                              ; work         ;
;    |sel2g:inst5|                             ; 8 (8)             ; 0 (0)        ; 0           ; 0            ; 0       ; 0         ; 0    ; 0            ; |ramsub|sel2g:inst5                                                                                         ; work         ;
+----------------------------------------------+-------------------+--------------+-------------+--------------+---------+-----------+------+--------------+-------------------------------------------------------------------------------------------------------------+--------------+
Note: For table entries with two numbers listed, the numbers in parentheses indicate the number of resources of the given type used by the specific entity alone. The numbers listed outside of parentheses indicate the total resources of the given type used by the specific entity and all of its sub-entities in the hierarchy.


+--------------------------------------------------------------------------------------------------------------------------------------------------------------------------------------------------------------------------------+
; Analysis & Synthesis RAM Summary                                                                                                                                                                                               ;
+----------------------------------------------------------------------------------------------------------------+------+----------------+--------------+--------------+--------------+--------------+------+--------------------+
; Name                                                                                                           ; Type ; Mode           ; Port A Depth ; Port A Width ; Port B Depth ; Port B Width ; Size ; MIF                ;
+----------------------------------------------------------------------------------------------------------------+------+----------------+--------------+--------------+--------------+--------------+------+--------------------+
; lpm_rom:inst1|altrom:srom|altsyncram:rom_block|altsyncram_0t01:auto_generated|ALTSYNCRAM                       ; AUTO ; ROM            ; 256          ; 8            ; --           ; --           ; 2048 ; MIF/ramsub_rom.mif ;
; ram_rw_dq:inst6|altsyncram:content_rtl_0|altsyncram_13g1:auto_generated|altsyncram_3mj1:altsyncram1|ALTSYNCRAM ; AUTO ; True Dual Port ; 256          ; 8            ; 256          ; 8            ; 2048 ; MIF/ramsub.mif     ;
+----------------------------------------------------------------------------------------------------------------+------+----------------+--------------+--------------+--------------+--------------+------+--------------------+


+------------------------------------------------------+
; General Register Statistics                          ;
+----------------------------------------------+-------+
; Statistic                                    ; Value ;
+----------------------------------------------+-------+
; Total registers                              ; 32    ;
; Number of registers using Synchronous Clear  ; 0     ;
; Number of registers using Synchronous Load   ; 0     ;
; Number of registers using Asynchronous Clear ; 32    ;
; Number of registers using Asynchronous Load  ; 0     ;
; Number of registers using Clock Enable       ; 16    ;
; Number of registers using Preset             ; 0     ;
+----------------------------------------------+-------+


+----------------------------------------------------------------+
; Registers Packed Into Inferred Megafunctions                   ;
+-------------------------+-------------------------------+------+
; Register Name           ; Megafunction                  ; Type ;
+-------------------------+-------------------------------+------+
; ram_rw_dq:inst6|Q[0..7] ; ram_rw_dq:inst6|content_rtl_0 ; RAM  ;
+-------------------------+-------------------------------+------+


+------------------------------------------------------------------------------------------------------+
; Source assignments for LPM_ROM:inst1|altrom:srom|altsyncram:rom_block|altsyncram_0t01:auto_generated ;
+---------------------------------+--------------------+------+----------------------------------------+
; Assignment                      ; Value              ; From ; To                                     ;
+---------------------------------+--------------------+------+----------------------------------------+
; OPTIMIZE_POWER_DURING_SYNTHESIS ; NORMAL_COMPILATION ; -    ; -                                      ;
+---------------------------------+--------------------+------+----------------------------------------+


+------------------------------------------------------------------------------------------------+
; Source assignments for ram_rw_dq:inst6|altsyncram:content_rtl_0|altsyncram_13g1:auto_generated ;
+---------------------------------+--------------------+------+----------------------------------+
; Assignment                      ; Value              ; From ; To                               ;
+---------------------------------+--------------------+------+----------------------------------+
; OPTIMIZE_POWER_DURING_SYNTHESIS ; NORMAL_COMPILATION ; -    ; -                                ;
+---------------------------------+--------------------+------+----------------------------------+


+----------------------------------------------------------------------------------------------------------------------------+
; Source assignments for ram_rw_dq:inst6|altsyncram:content_rtl_0|altsyncram_13g1:auto_generated|altsyncram_3mj1:altsyncram1 ;
+---------------------------------+--------------------+------+--------------------------------------------------------------+
; Assignment                      ; Value              ; From ; To                                                           ;
+---------------------------------+--------------------+------+--------------------------------------------------------------+
; OPTIMIZE_POWER_DURING_SYNTHESIS ; NORMAL_COMPILATION ; -    ; -                                                            ;
+---------------------------------+--------------------+------+--------------------------------------------------------------+


+---------------------------------------------------------+
; Parameter Settings for User Entity Instance: regg:inst2 ;
+----------------+-------+--------------------------------+
; Parameter Name ; Value ; Type                           ;
+----------------+-------+--------------------------------+
; W              ; 8     ; Untyped                        ;
+----------------+-------+--------------------------------+
Note: In order to hide this table in the UI and the text report file, please set the "Show Parameter Settings in Synthesis Report" option in "Analysis and Synthesis Settings -> More Settings" to "Off".


+---------------------------------------------------------------------+
; Parameter Settings for User Entity Instance: regg:inst2|LPM_FF:inst ;
+------------------------+------------+-------------------------------+
; Parameter Name         ; Value      ; Type                          ;
+------------------------+------------+-------------------------------+
; LPM_WIDTH              ; 8          ; Untyped                       ;
; LPM_AVALUE             ; UNUSED     ; Untyped                       ;
; LPM_SVALUE             ; UNUSED     ; Untyped                       ;
; LPM_FFTYPE             ; DFF        ; Untyped                       ;
; DEVICE_FAMILY          ; Cyclone II ; Untyped                       ;
; CBXI_PARAMETER         ; NOTHING    ; Untyped                       ;
; AUTO_CARRY_CHAINS      ; ON         ; AUTO_CARRY                    ;
; IGNORE_CARRY_BUFFERS   ; OFF        ; IGNORE_CARRY                  ;
; AUTO_CASCADE_CHAINS    ; ON         ; AUTO_CASCADE                  ;
; IGNORE_CASCADE_BUFFERS ; OFF        ; IGNORE_CASCADE                ;
+------------------------+------------+-------------------------------+
Note: In order to hide this table in the UI and the text report file, please set the "Show Parameter Settings in Synthesis Report" option in "Analysis and Synthesis Settings -> More Settings" to "Off".


+--------------------------------------------------------------+
; Parameter Settings for User Entity Instance: LPM_ROM:inst1   ;
+------------------------+--------------------+----------------+
; Parameter Name         ; Value              ; Type           ;
+------------------------+--------------------+----------------+
; LPM_WIDTH              ; 8                  ; Untyped        ;
; LPM_WIDTHAD            ; 8                  ; Untyped        ;
; LPM_NUMWORDS           ; 256                ; Untyped        ;
; LPM_ADDRESS_CONTROL    ; REGISTERED         ; Untyped        ;
; LPM_OUTDATA            ; UNREGISTERED       ; Untyped        ;
; LPM_FILE               ; MIF/ramsub_rom.mif ; Untyped        ;
; DEVICE_FAMILY          ; Cyclone II         ; Untyped        ;
; AUTO_CARRY_CHAINS      ; ON                 ; AUTO_CARRY     ;
; IGNORE_CARRY_BUFFERS   ; OFF                ; IGNORE_CARRY   ;
; AUTO_CASCADE_CHAINS    ; ON                 ; AUTO_CASCADE   ;
; IGNORE_CASCADE_BUFFERS ; OFF                ; IGNORE_CASCADE ;
+------------------------+--------------------+----------------+
Note: In order to hide this table in the UI and the text report file, please set the "Show Parameter Settings in Synthesis Report" option in "Analysis and Synthesis Settings -> More Settings" to "Off".


+------------------------------------------------------------------+
; Parameter Settings for User Entity Instance: cnt8:inst|reg:inst1 ;
+----------------+-------+-----------------------------------------+
; Parameter Name ; Value ; Type                                    ;
+----------------+-------+-----------------------------------------+
; W              ; 8     ; Untyped                                 ;
+----------------+-------+-----------------------------------------+
Note: In order to hide this table in the UI and the text report file, please set the "Show Parameter Settings in Synthesis Report" option in "Analysis and Synthesis Settings -> More Settings" to "Off".


+------------------------------------------------------------------------------+
; Parameter Settings for User Entity Instance: cnt8:inst|reg:inst1|LPM_FF:inst ;
+------------------------+------------+----------------------------------------+
; Parameter Name         ; Value      ; Type                                   ;
+------------------------+------------+----------------------------------------+
; LPM_WIDTH              ; 8          ; Untyped                                ;
; LPM_AVALUE             ; UNUSED     ; Untyped                                ;
; LPM_SVALUE             ; UNUSED     ; Untyped                                ;
; LPM_FFTYPE             ; DFF        ; Untyped                                ;
; DEVICE_FAMILY          ; Cyclone II ; Untyped                                ;
; CBXI_PARAMETER         ; NOTHING    ; Untyped                                ;
; AUTO_CARRY_CHAINS      ; ON         ; AUTO_CARRY                             ;
; IGNORE_CARRY_BUFFERS   ; OFF        ; IGNORE_CARRY                           ;
; AUTO_CASCADE_CHAINS    ; ON         ; AUTO_CASCADE                           ;
; IGNORE_CASCADE_BUFFERS ; OFF        ; IGNORE_CASCADE                         ;
+------------------------+------------+----------------------------------------+
Note: In order to hide this table in the UI and the text report file, please set the "Show Parameter Settings in Synthesis Report" option in "Analysis and Synthesis Settings -> More Settings" to "Off".


+-------------------------------------------------------------------+
; Parameter Settings for User Entity Instance: cnt8:inst|sel2g:inst ;
+----------------+-------+------------------------------------------+
; Parameter Name ; Value ; Type                                     ;
+----------------+-------+------------------------------------------+
; W              ; 8     ; Untyped                                  ;
+----------------+-------+------------------------------------------+
Note: In order to hide this table in the UI and the text report file, please set the "Show Parameter Settings in Synthesis Report" option in "Analysis and Synthesis Settings -> More Settings" to "Off".


+--------------------------------------------------------------+
; Parameter Settings for User Entity Instance: ram_rw_dq:inst6 ;
+----------------+----------------+----------------------------+
; Parameter Name ; Value          ; Type                       ;
+----------------+----------------+----------------------------+
; waddr          ; 8              ; Signed Integer             ;
; wdat           ; 8              ; Signed Integer             ;
; init           ; MIF/ramsub.mif ; String                     ;
+----------------+----------------+----------------------------+
Note: In order to hide this table in the UI and the text report file, please set the "Show Parameter Settings in Synthesis Report" option in "Analysis and Synthesis Settings -> More Settings" to "Off".


+----------------------------------------------------------+
; Parameter Settings for User Entity Instance: sel2g:inst5 ;
+----------------+-------+---------------------------------+
; Parameter Name ; Value ; Type                            ;
+----------------+-------+---------------------------------+
; W              ; 8     ; Untyped                         ;
+----------------+-------+---------------------------------+
Note: In order to hide this table in the UI and the text report file, please set the "Show Parameter Settings in Synthesis Report" option in "Analysis and Synthesis Settings -> More Settings" to "Off".


+-------------------------------------------------------------------+
; Parameter Settings for User Entity Instance: cnt8:inst4|reg:inst1 ;
+----------------+-------+------------------------------------------+
; Parameter Name ; Value ; Type                                     ;
+----------------+-------+------------------------------------------+
; W              ; 8     ; Untyped                                  ;
+----------------+-------+------------------------------------------+
Note: In order to hide this table in the UI and the text report file, please set the "Show Parameter Settings in Synthesis Report" option in "Analysis and Synthesis Settings -> More Settings" to "Off".


+-------------------------------------------------------------------------------+
; Parameter Settings for User Entity Instance: cnt8:inst4|reg:inst1|LPM_FF:inst ;
+------------------------+------------+-----------------------------------------+
; Parameter Name         ; Value      ; Type                                    ;
+------------------------+------------+-----------------------------------------+
; LPM_WIDTH              ; 8          ; Untyped                                 ;
; LPM_AVALUE             ; UNUSED     ; Untyped                                 ;
; LPM_SVALUE             ; UNUSED     ; Untyped                                 ;
; LPM_FFTYPE             ; DFF        ; Untyped                                 ;
; DEVICE_FAMILY          ; Cyclone II ; Untyped                                 ;
; CBXI_PARAMETER         ; NOTHING    ; Untyped                                 ;
; AUTO_CARRY_CHAINS      ; ON         ; AUTO_CARRY                              ;
; IGNORE_CARRY_BUFFERS   ; OFF        ; IGNORE_CARRY                            ;
; AUTO_CASCADE_CHAINS    ; ON         ; AUTO_CASCADE                            ;
; IGNORE_CASCADE_BUFFERS ; OFF        ; IGNORE_CASCADE                          ;
+------------------------+------------+-----------------------------------------+
Note: In order to hide this table in the UI and the text report file, please set the "Show Parameter Settings in Synthesis Report" option in "Analysis and Synthesis Settings -> More Settings" to "Off".


+--------------------------------------------------------------------+
; Parameter Settings for User Entity Instance: cnt8:inst4|sel2g:inst ;
+----------------+-------+-------------------------------------------+
; Parameter Name ; Value ; Type                                      ;
+----------------+-------+-------------------------------------------+
; W              ; 8     ; Untyped                                   ;
+----------------+-------+-------------------------------------------+
Note: In order to hide this table in the UI and the text report file, please set the "Show Parameter Settings in Synthesis Report" option in "Analysis and Synthesis Settings -> More Settings" to "Off".


+---------------------------------------------------------+
; Parameter Settings for User Entity Instance: regg:inst3 ;
+----------------+-------+--------------------------------+
; Parameter Name ; Value ; Type                           ;
+----------------+-------+--------------------------------+
; W              ; 8     ; Untyped                        ;
+----------------+-------+--------------------------------+
Note: In order to hide this table in the UI and the text report file, please set the "Show Parameter Settings in Synthesis Report" option in "Analysis and Synthesis Settings -> More Settings" to "Off".


+---------------------------------------------------------------------+
; Parameter Settings for User Entity Instance: regg:inst3|LPM_FF:inst ;
+------------------------+------------+-------------------------------+
; Parameter Name         ; Value      ; Type                          ;
+------------------------+------------+-------------------------------+
; LPM_WIDTH              ; 8          ; Untyped                       ;
; LPM_AVALUE             ; UNUSED     ; Untyped                       ;
; LPM_SVALUE             ; UNUSED     ; Untyped                       ;
; LPM_FFTYPE             ; DFF        ; Untyped                       ;
; DEVICE_FAMILY          ; Cyclone II ; Untyped                       ;
; CBXI_PARAMETER         ; NOTHING    ; Untyped                       ;
; AUTO_CARRY_CHAINS      ; ON         ; AUTO_CARRY                    ;
; IGNORE_CARRY_BUFFERS   ; OFF        ; IGNORE_CARRY                  ;
; AUTO_CASCADE_CHAINS    ; ON         ; AUTO_CASCADE                  ;
; IGNORE_CASCADE_BUFFERS ; OFF        ; IGNORE_CASCADE                ;
+------------------------+------------+-------------------------------+
Note: In order to hide this table in the UI and the text report file, please set the "Show Parameter Settings in Synthesis Report" option in "Analysis and Synthesis Settings -> More Settings" to "Off".


+-------------------------------------------------------------------------------------------+
; Parameter Settings for Inferred Entity Instance: ram_rw_dq:inst6|altsyncram:content_rtl_0 ;
+------------------------------------+----------------------+-------------------------------+
; Parameter Name                     ; Value                ; Type                          ;
+------------------------------------+----------------------+-------------------------------+
; BYTE_SIZE_BLOCK                    ; 8                    ; Untyped                       ;
; AUTO_CARRY_CHAINS                  ; ON                   ; AUTO_CARRY                    ;
; IGNORE_CARRY_BUFFERS               ; OFF                  ; IGNORE_CARRY                  ;
; AUTO_CASCADE_CHAINS                ; ON                   ; AUTO_CASCADE                  ;
; IGNORE_CASCADE_BUFFERS             ; OFF                  ; IGNORE_CASCADE                ;
; WIDTH_BYTEENA                      ; 1                    ; Untyped                       ;
; OPERATION_MODE                     ; DUAL_PORT            ; Untyped                       ;
; WIDTH_A                            ; 8                    ; Untyped                       ;
; WIDTHAD_A                          ; 8                    ; Untyped                       ;
; NUMWORDS_A                         ; 256                  ; Untyped                       ;
; OUTDATA_REG_A                      ; UNREGISTERED         ; Untyped                       ;
; ADDRESS_ACLR_A                     ; NONE                 ; Untyped                       ;
; OUTDATA_ACLR_A                     ; NONE                 ; Untyped                       ;
; WRCONTROL_ACLR_A                   ; NONE                 ; Untyped                       ;
; INDATA_ACLR_A                      ; NONE                 ; Untyped                       ;
; BYTEENA_ACLR_A                     ; NONE                 ; Untyped                       ;
; WIDTH_B                            ; 8                    ; Untyped                       ;
; WIDTHAD_B                          ; 8                    ; Untyped                       ;
; NUMWORDS_B                         ; 256                  ; Untyped                       ;
; INDATA_REG_B                       ; CLOCK1               ; Untyped                       ;
; WRCONTROL_WRADDRESS_REG_B          ; CLOCK1               ; Untyped                       ;
; RDCONTROL_REG_B                    ; CLOCK1               ; Untyped                       ;
; ADDRESS_REG_B                      ; CLOCK1               ; Untyped                       ;
; OUTDATA_REG_B                      ; UNREGISTERED         ; Untyped                       ;
; BYTEENA_REG_B                      ; CLOCK1               ; Untyped                       ;
; INDATA_ACLR_B                      ; NONE                 ; Untyped                       ;
; WRCONTROL_ACLR_B                   ; NONE                 ; Untyped                       ;
; ADDRESS_ACLR_B                     ; NONE                 ; Untyped                       ;
; OUTDATA_ACLR_B                     ; NONE                 ; Untyped                       ;
; RDCONTROL_ACLR_B                   ; NONE                 ; Untyped                       ;
; BYTEENA_ACLR_B                     ; NONE                 ; Untyped                       ;
; WIDTH_BYTEENA_A                    ; 1                    ; Untyped                       ;
; WIDTH_BYTEENA_B                    ; 1                    ; Untyped                       ;
; RAM_BLOCK_TYPE                     ; AUTO                 ; Untyped                       ;
; BYTE_SIZE                          ; 8                    ; Untyped                       ;
; READ_DURING_WRITE_MODE_MIXED_PORTS ; DONT_CARE            ; Untyped                       ;
; READ_DURING_WRITE_MODE_PORT_A      ; NEW_DATA_NO_NBE_READ ; Untyped                       ;
; READ_DURING_WRITE_MODE_PORT_B      ; NEW_DATA_NO_NBE_READ ; Untyped                       ;
; INIT_FILE                          ; MIF/ramsub.mif       ; Untyped                       ;
; INIT_FILE_LAYOUT                   ; PORT_A               ; Untyped                       ;
; MAXIMUM_DEPTH                      ; 0                    ; Untyped                       ;
; CLOCK_ENABLE_INPUT_A               ; NORMAL               ; Untyped                       ;
; CLOCK_ENABLE_INPUT_B               ; NORMAL               ; Untyped                       ;
; CLOCK_ENABLE_OUTPUT_A              ; NORMAL               ; Untyped                       ;
; CLOCK_ENABLE_OUTPUT_B              ; NORMAL               ; Untyped                       ;
; CLOCK_ENABLE_CORE_A                ; USE_INPUT_CLKEN      ; Untyped                       ;
; CLOCK_ENABLE_CORE_B                ; USE_INPUT_CLKEN      ; Untyped                       ;
; ENABLE_ECC                         ; FALSE                ; Untyped                       ;
; ECC_PIPELINE_STAGE_ENABLED         ; FALSE                ; Untyped                       ;
; WIDTH_ECCSTATUS                    ; 3                    ; Untyped                       ;
; DEVICE_FAMILY                      ; Cyclone II           ; Untyped                       ;
; CBXI_PARAMETER                     ; altsyncram_13g1      ; Untyped                       ;
+------------------------------------+----------------------+-------------------------------+
Note: In order to hide this table in the UI and the text report file, please set the "Show Parameter Settings in Synthesis Report" option in "Analysis and Synthesis Settings -> More Settings" to "Off".


+--------------------------------------------------------------------------------------+
; altsyncram Parameter Settings by Entity Instance                                     ;
+-------------------------------------------+------------------------------------------+
; Name                                      ; Value                                    ;
+-------------------------------------------+------------------------------------------+
; Number of entity instances                ; 1                                        ;
; Entity Instance                           ; ram_rw_dq:inst6|altsyncram:content_rtl_0 ;
;     -- OPERATION_MODE                     ; DUAL_PORT                                ;
;     -- WIDTH_A                            ; 8                                        ;
;     -- NUMWORDS_A                         ; 256                                      ;
;     -- OUTDATA_REG_A                      ; UNREGISTERED                             ;
;     -- WIDTH_B                            ; 8                                        ;
;     -- NUMWORDS_B                         ; 256                                      ;
;     -- ADDRESS_REG_B                      ; CLOCK1                                   ;
;     -- OUTDATA_REG_B                      ; UNREGISTERED                             ;
;     -- RAM_BLOCK_TYPE                     ; AUTO                                     ;
;     -- READ_DURING_WRITE_MODE_MIXED_PORTS ; DONT_CARE                                ;
+-------------------------------------------+------------------------------------------+


+-------------------------------+
; Elapsed Time Per Partition    ;
+----------------+--------------+
; Partition Name ; Elapsed Time ;
+----------------+--------------+
; Top            ; 00:00:00     ;
+----------------+--------------+


+-------------------------------+
; Analysis & Synthesis Messages ;
+-------------------------------+
Info: *******************************************************************
Info: Running Quartus II 64-Bit Analysis & Synthesis
    Info: Version 13.0.1 Build 232 06/12/2013 Service Pack 1 SJ Web Edition
    Info: Processing started: Tue Mar 25 20:13:51 2025
Info: Command: quartus_map --read_settings_files=on --write_settings_files=off arch -c arch
Warning (20028): Parallel compilation is not licensed and has been disabled
Info (12021): Found 1 design units, including 1 entities, in source file hadd.bdf
    Info (12023): Found entity 1: hadd
Info (12021): Found 1 design units, including 1 entities, in source file fadd.bdf
    Info (12023): Found entity 1: fadd
Info (12021): Found 1 design units, including 1 entities, in source file adder.bdf
    Info (12023): Found entity 1: adder
Info (12021): Found 1 design units, including 1 entities, in source file selector.bdf
    Info (12023): Found entity 1: selector
Info (12021): Found 1 design units, including 1 entities, in source file dec2_4.bdf
    Info (12023): Found entity 1: dec2_4
Info (12021): Found 1 design units, including 1 entities, in source file sel2g.bdf
    Info (12023): Found entity 1: sel2g
Info (12021): Found 1 design units, including 1 entities, in source file sel4g.bdf
    Info (12023): Found entity 1: sel4g
Info (12021): Found 1 design units, including 1 entities, in source file dec3_8.bdf
    Info (12023): Found entity 1: dec3_8
Info (12021): Found 1 design units, including 1 entities, in source file shifter.bdf
    Info (12023): Found entity 1: shifter
Info (12021): Found 1 design units, including 1 entities, in source file reg.bdf
    Info (12023): Found entity 1: reg
Info (12021): Found 1 design units, including 1 entities, in source file hadd8.bdf
    Info (12023): Found entity 1: hadd8
Info (12021): Found 1 design units, including 1 entities, in source file cnt8.bdf
    Info (12023): Found entity 1: cnt8
Info (12021): Found 1 design units, including 1 entities, in source file alu8_181.bdf
    Info (12023): Found entity 1: ALU8_181
Info (12021): Found 1 design units, including 1 entities, in source file sh1c.bdf
    Info (12023): Found entity 1: sh1c
Info (12021): Found 1 design units, including 1 entities, in source file add8.bdf
    Info (12023): Found entity 1: add8
Info (12021): Found 1 design units, including 1 entities, in source file addsub8.bdf
    Info (12023): Found entity 1: addsub8
Info (12021): Found 1 design units, including 1 entities, in source file alucomb.bdf
    Info (12023): Found entity 1: alucomb
Info (12021): Found 1 design units, including 1 entities, in source file regg.bdf
    Info (12023): Found entity 1: regg
Info (12021): Found 1 design units, including 1 entities, in source file alusys.bdf
    Info (12023): Found entity 1: alusys
Info (12021): Found 1 design units, including 1 entities, in source file alu_rom.bdf
    Info (12023): Found entity 1: alu_ROM
Info (12021): Found 1 design units, including 1 entities, in source file ram_dq.bdf
    Info (12023): Found entity 1: ram_dq
Info (12021): Found 1 design units, including 1 entities, in source file ramsub.bdf
    Info (12023): Found entity 1: ramsub
Info (12021): Found 2 design units, including 1 entities, in source file vhdl/ram_rw_dq.vhd
    Info (12022): Found design unit 1: ram_rw_dq-behavior
    Info (12023): Found entity 1: ram_rw_dq
Info (12127): Elaborating entity "ramsub" for the top level hierarchy
Info (12128): Elaborating entity "regg" for hierarchy "regg:inst2"
Info (12128): Elaborating entity "LPM_FF" for hierarchy "regg:inst2|LPM_FF:inst"
Info (12130): Elaborated megafunction instantiation "regg:inst2|LPM_FF:inst"
Info (12133): Instantiated megafunction "regg:inst2|LPM_FF:inst" with the following parameter:
    Info (12134): Parameter "LPM_FFTYPE" = "DFF"
    Info (12134): Parameter "LPM_WIDTH" = "8"
Info (12128): Elaborating entity "LPM_ROM" for hierarchy "LPM_ROM:inst1"
Info (12130): Elaborated megafunction instantiation "LPM_ROM:inst1"
Info (12133): Instantiated megafunction "LPM_ROM:inst1" with the following parameter:
    Info (12134): Parameter "LPM_ADDRESS_CONTROL" = "REGISTERED"
    Info (12134): Parameter "LPM_FILE" = "MIF/ramsub_rom.mif"
    Info (12134): Parameter "LPM_NUMWORDS" = "256"
    Info (12134): Parameter "LPM_OUTDATA" = "UNREGISTERED"
    Info (12134): Parameter "LPM_WIDTH" = "8"
    Info (12134): Parameter "LPM_WIDTHAD" = "8"
Info (12128): Elaborating entity "altrom" for hierarchy "LPM_ROM:inst1|altrom:srom"
Info (12131): Elaborated megafunction instantiation "LPM_ROM:inst1|altrom:srom", which is child of megafunction instantiation "LPM_ROM:inst1"
Info (12128): Elaborating entity "altsyncram" for hierarchy "LPM_ROM:inst1|altrom:srom|altsyncram:rom_block"
Info (12131): Elaborated megafunction instantiation "LPM_ROM:inst1|altrom:srom|altsyncram:rom_block", which is child of megafunction instantiation "LPM_ROM:inst1"
Info (12021): Found 1 design units, including 1 entities, in source file db/altsyncram_0t01.tdf
    Info (12023): Found entity 1: altsyncram_0t01
Info (12128): Elaborating entity "altsyncram_0t01" for hierarchy "LPM_ROM:inst1|altrom:srom|altsyncram:rom_block|altsyncram_0t01:auto_generated"
Info (12128): Elaborating entity "cnt8" for hierarchy "cnt8:inst"
Info (12128): Elaborating entity "hadd8" for hierarchy "cnt8:inst|hadd8:inst2"
Info (12128): Elaborating entity "hadd" for hierarchy "cnt8:inst|hadd8:inst2|hadd:inst7"
Info (12128): Elaborating entity "reg" for hierarchy "cnt8:inst|reg:inst1"
Info (12128): Elaborating entity "LPM_FF" for hierarchy "cnt8:inst|reg:inst1|LPM_FF:inst"
Info (12130): Elaborated megafunction instantiation "cnt8:inst|reg:inst1|LPM_FF:inst"
Info (12133): Instantiated megafunction "cnt8:inst|reg:inst1|LPM_FF:inst" with the following parameter:
    Info (12134): Parameter "LPM_FFTYPE" = "DFF"
    Info (12134): Parameter "LPM_WIDTH" = "8"
Info (12128): Elaborating entity "sel2g" for hierarchy "cnt8:inst|sel2g:inst"
Info (12128): Elaborating entity "ram_rw_dq" for hierarchy "ram_rw_dq:inst6"
Warning (276027): Inferred dual-clock RAM node "ram_rw_dq:inst6|content_rtl_0" from synchronous design logic.  The read-during-write behavior of a dual-clock RAM is undefined and may not match the behavior of the original design.
Info (19000): Inferred 1 megafunctions from design logic
    Info (276029): Inferred altsyncram megafunction from the following design logic: "ram_rw_dq:inst6|content_rtl_0" 
        Info (286033): Parameter OPERATION_MODE set to DUAL_PORT
        Info (286033): Parameter WIDTH_A set to 8
        Info (286033): Parameter WIDTHAD_A set to 8
        Info (286033): Parameter NUMWORDS_A set to 256
        Info (286033): Parameter WIDTH_B set to 8
        Info (286033): Parameter WIDTHAD_B set to 8
        Info (286033): Parameter NUMWORDS_B set to 256
        Info (286033): Parameter ADDRESS_ACLR_A set to NONE
        Info (286033): Parameter OUTDATA_REG_B set to UNREGISTERED
        Info (286033): Parameter ADDRESS_ACLR_B set to NONE
        Info (286033): Parameter OUTDATA_ACLR_B set to NONE
        Info (286033): Parameter ADDRESS_REG_B set to CLOCK1
        Info (286033): Parameter INDATA_ACLR_A set to NONE
        Info (286033): Parameter WRCONTROL_ACLR_A set to NONE
        Info (286033): Parameter INIT_FILE set to MIF/ramsub.mif
Info (12130): Elaborated megafunction instantiation "ram_rw_dq:inst6|altsyncram:content_rtl_0"
Info (12133): Instantiated megafunction "ram_rw_dq:inst6|altsyncram:content_rtl_0" with the following parameter:
    Info (12134): Parameter "OPERATION_MODE" = "DUAL_PORT"
    Info (12134): Parameter "WIDTH_A" = "8"
    Info (12134): Parameter "WIDTHAD_A" = "8"
    Info (12134): Parameter "NUMWORDS_A" = "256"
    Info (12134): Parameter "WIDTH_B" = "8"
    Info (12134): Parameter "WIDTHAD_B" = "8"
    Info (12134): Parameter "NUMWORDS_B" = "256"
    Info (12134): Parameter "ADDRESS_ACLR_A" = "NONE"
    Info (12134): Parameter "OUTDATA_REG_B" = "UNREGISTERED"
    Info (12134): Parameter "ADDRESS_ACLR_B" = "NONE"
    Info (12134): Parameter "OUTDATA_ACLR_B" = "NONE"
    Info (12134): Parameter "ADDRESS_REG_B" = "CLOCK1"
    Info (12134): Parameter "INDATA_ACLR_A" = "NONE"
    Info (12134): Parameter "WRCONTROL_ACLR_A" = "NONE"
    Info (12134): Parameter "INIT_FILE" = "MIF/ramsub.mif"
Info (12021): Found 1 design units, including 1 entities, in source file db/altsyncram_13g1.tdf
    Info (12023): Found entity 1: altsyncram_13g1
Info (12021): Found 1 design units, including 1 entities, in source file db/altsyncram_3mj1.tdf
    Info (12023): Found entity 1: altsyncram_3mj1
Warning (13044): Always-enabled tri-state buffer(s) removed
    Warning (13045): Converted the fanout from the always-enabled tri-state buffer "lpm_rom:inst1|otri[7]" to the node "uIR[7]" into a wire
    Warning (13045): Converted the fanout from the always-enabled tri-state buffer "lpm_rom:inst1|otri[6]" to the node "uIR[6]" into a wire
    Warning (13045): Converted the fanout from the always-enabled tri-state buffer "lpm_rom:inst1|otri[5]" to the node "uIR[5]" into a wire
    Warning (13045): Converted the fanout from the always-enabled tri-state buffer "lpm_rom:inst1|otri[4]" to the node "uIR[4]" into a wire
    Warning (13045): Converted the fanout from the always-enabled tri-state buffer "lpm_rom:inst1|otri[3]" to the node "uIR[3]" into a wire
    Warning (13045): Converted the fanout from the always-enabled tri-state buffer "lpm_rom:inst1|otri[2]" to the node "uIR[2]" into a wire
    Warning (13045): Converted the fanout from the always-enabled tri-state buffer "lpm_rom:inst1|otri[1]" to the node "uIR[1]" into a wire
    Warning (13045): Converted the fanout from the always-enabled tri-state buffer "lpm_rom:inst1|otri[0]" to the node "uIR[0]" into a wire
Warning (13046): Tri-state node(s) do not directly drive top-level pin(s)
    Warning (13047): Converted the fan-out from the tri-state buffer "lpm_rom:inst1|otri[5]" to the node "ram_rw_dq:inst6|altsyncram:content_rtl_0|altsyncram_13g1:auto_generated|altsyncram_3mj1:altsyncram1|ram_block2a0" into an OR gate
    Warning (13047): Converted the fan-out from the tri-state buffer "lpm_rom:inst1|otri[4]" to the node "ram_rw_dq:inst6|altsyncram:content_rtl_0|altsyncram_13g1:auto_generated|altsyncram_3mj1:altsyncram1|ram_block2a0" into an OR gate
    Warning (13047): Converted the fan-out from the tri-state buffer "lpm_rom:inst1|otri[3]" to the node "sel2g:inst5|inst2[0]" into an OR gate
    Warning (13047): Converted the fan-out from the tri-state buffer "lpm_rom:inst1|otri[2]" to the node "regg:inst3|lpm_ff:inst|dffs[7]" into an OR gate
    Warning (13047): Converted the fan-out from the tri-state buffer "lpm_rom:inst1|otri[1]" to the node "cnt8:inst4|hadd8:inst2|hadd:inst|inst" into an OR gate
    Warning (13047): Converted the fan-out from the tri-state buffer "lpm_rom:inst1|otri[0]" to the node "regg:inst2|lpm_ff:inst|dffs[7]" into an OR gate
Info (16010): Generating hard_block partition "hard_block:auto_generated_inst"
    Info (16011): Adding 0 node(s), including 0 DDIO, 0 PLL, 0 transceiver and 0 LCELL
Info (21057): Implemented 103 device resources after synthesis - the final resource count might be different
    Info (21058): Implemented 2 input pins
    Info (21059): Implemented 40 output pins
    Info (21061): Implemented 45 logic cells
    Info (21064): Implemented 16 RAM segments
Info: Quartus II 64-Bit Analysis & Synthesis was successful. 0 errors, 18 warnings
    Info: Peak virtual memory: 4665 megabytes
    Info: Processing ended: Tue Mar 25 20:13:52 2025
    Info: Elapsed time: 00:00:01
    Info: Total CPU time (on all processors): 00:00:01


